#
# There is insufficient memory for the Java Runtime Environment to continue.
# Native memory allocation (mmap) failed to map 266338304 bytes for Failed to commit area from 0x0000000703e00000 to 0x0000000713c00000 of length 266338304.
# Possible reasons:
#   The system is out of physical RAM or swap space
#   The process is running with CompressedOops enabled, and the Java Heap may be blocking the growth of the native heap
# Possible solutions:
#   Reduce memory load on the system
#   Increase physical memory or swap space
#   Check if swap backing store is full
#   Decrease Java heap size (-Xmx/-Xms)
#   Decrease number of Java threads
#   Decrease Java thread stack sizes (-Xss)
#   Set larger code cache with -XX:ReservedCodeCacheSize=
# This output file may be truncated or incomplete.
#
#  Out of Memory Error (./src/hotspot/os/windows/os_windows.cpp:3387), pid=6836, tid=3064
#
# JRE version:  (11.0.14.1+1) (build )
# Java VM: OpenJDK 64-Bit Server VM (11.0.14.1+1, mixed mode, sharing, tiered, compressed oops, g1 gc, windows-amd64)
# No core dump will be written. Minidumps are not enabled by default on client versions of Windows
#

---------------  S U M M A R Y ------------

Command Line: -Dfile.encoding=UTF-8 org.gradle.launcher.GradleMain -Dorg.gradle.jvmargs=-Xmx4096m --stop

Host: Intel(R) Core(TM) i5-8265U CPU @ 1.60GHz, 8 cores, 15G,  Windows 11 , 64 bit Build 22621 (10.0.22621.2428)
Time: Tue Oct 17 19:18:32 2023 SE Asia Standard Time elapsed time: 0.010714 seconds (0d 0h 0m 0s)

---------------  T H R E A D  ---------------

Current thread (0x0000011fc0738000):  JavaThread "Unknown thread" [_thread_in_vm, id=3064, stack(0x0000000f00000000,0x0000000f00100000)]

Stack: [0x0000000f00000000,0x0000000f00100000]
Native frames: (J=compiled Java code, j=interpreted, Vv=VM code, C=native code)
V  [jvm.dll+0x61e59a]
V  [jvm.dll+0x7aaca9]
V  [jvm.dll+0x7ac398]
V  [jvm.dll+0x7aca73]
V  [jvm.dll+0x24f9b8]
V  [jvm.dll+0x61b83a]
V  [jvm.dll+0x6100c5]
V  [jvm.dll+0x30772c]
V  [jvm.dll+0x3075b2]
V  [jvm.dll+0x30c2d6]
V  [jvm.dll+0x35272f]
V  [jvm.dll+0x352160]
V  [jvm.dll+0x2e4728]
V  [jvm.dll+0x2e5886]
V  [jvm.dll+0x784b07]
V  [jvm.dll+0x78628f]
V  [jvm.dll+0x35f479]
V  [jvm.dll+0x767aa0]
V  [jvm.dll+0x3ccf1f]
V  [jvm.dll+0x3cf2b1]
C  [jli.dll+0x5207]
C  [ucrtbase.dll+0x29363]
C  [KERNEL32.DLL+0x1257d]
C  [ntdll.dll+0x5aa78]


---------------  P R O C E S S  ---------------

Threads class SMR info:
_java_thread_list=0x0000011fbe4c4d30, length=0, elements={
}

Java Threads: ( => current thread )

Other Threads:
  0x0000011fc0752800 GCTaskThread "GC Thread#0" [stack: 0x0000000f00100000,0x0000000f00200000] [id=20508]
  0x0000011fc07b2000 ConcurrentGCThread "G1 Main Marker" [stack: 0x0000000f00200000,0x0000000f00300000] [id=1584]
  0x0000011fc07b3800 ConcurrentGCThread "G1 Conc#0" [stack: 0x0000000f00300000,0x0000000f00400000] [id=16776]

[error occurred during error reporting (printing all threads), id 0xc0000005, EXCEPTION_ACCESS_VIOLATION (0xc0000005) at pc=0x00007ffed9463ef7]

VM state:not at safepoint (not fully initialized)

VM Mutex/Monitor currently owned by a thread:  ([mutex/lock_event])
[0x0000011fc0735e80] Heap_lock - owner thread: 0x0000011fc0738000

Heap address: 0x0000000703e00000, size: 4034 MB, Compressed Oops mode: Non-zero based: 0x0000000703e00000
Narrow klass base: 0x0000000000000000, Narrow klass shift: 0

GC Heap History (0 events):
No events

Deoptimization events (0 events):
No events

Classes redefined (0 events):
No events

Internal exceptions (0 events):
No events

Events (1 events):
Event: 0.007 Loaded shared library C:\Program Files\Unity\Hub\Editor\2022.3.5f1\Editor\Data\PlaybackEngines\AndroidPlayer\OpenJDK\bin\zip.dll


Dynamic libraries:
0x00007ff711010000 - 0x00007ff71101d000 	C:\Program Files\Unity\Hub\Editor\2022.3.5f1\Editor\Data\PlaybackEngines\AndroidPlayer\OpenJDK\bin\java.exe
0x00007fff52590000 - 0x00007fff527a7000 	C:\WINDOWS\SYSTEM32\ntdll.dll
0x00007fff50d30000 - 0x00007fff50df4000 	C:\WINDOWS\System32\KERNEL32.DLL
0x00007fff4fed0000 - 0x00007fff50276000 	C:\WINDOWS\System32\KERNELBASE.dll
0x00007fff4f910000 - 0x00007fff4fa21000 	C:\WINDOWS\System32\ucrtbase.dll
0x00007fff38b90000 - 0x00007fff38ba5000 	C:\Program Files\Unity\Hub\Editor\2022.3.5f1\Editor\Data\PlaybackEngines\AndroidPlayer\OpenJDK\bin\VCRUNTIME140.dll
0x00007fff39aa0000 - 0x00007fff39ab7000 	C:\Program Files\Unity\Hub\Editor\2022.3.5f1\Editor\Data\PlaybackEngines\AndroidPlayer\OpenJDK\bin\jli.dll
0x00007fff50b80000 - 0x00007fff50d2d000 	C:\WINDOWS\System32\USER32.dll
0x00007fff4fad0000 - 0x00007fff4faf6000 	C:\WINDOWS\System32\win32u.dll
0x00007fff2ae50000 - 0x00007fff2b0e3000 	C:\WINDOWS\WinSxS\amd64_microsoft.windows.common-controls_6595b64144ccf1df_6.0.22621.2361_none_2712ced57382f843\COMCTL32.dll
0x00007fff50520000 - 0x00007fff505c7000 	C:\WINDOWS\System32\msvcrt.dll
0x00007fff50770000 - 0x00007fff50799000 	C:\WINDOWS\System32\GDI32.dll
0x00007fff4fbc0000 - 0x00007fff4fcd8000 	C:\WINDOWS\System32\gdi32full.dll
0x00007fff4fa30000 - 0x00007fff4faca000 	C:\WINDOWS\System32\msvcp_win.dll
0x00007fff519d0000 - 0x00007fff51a01000 	C:\WINDOWS\System32\IMM32.DLL
0x00007fff311f0000 - 0x00007fff3128b000 	C:\Program Files\Unity\Hub\Editor\2022.3.5f1\Editor\Data\PlaybackEngines\AndroidPlayer\OpenJDK\bin\msvcp140.dll
0x00007ffed9170000 - 0x00007ffed9cf1000 	C:\Program Files\Unity\Hub\Editor\2022.3.5f1\Editor\Data\PlaybackEngines\AndroidPlayer\OpenJDK\bin\server\jvm.dll
0x00007fff51ec0000 - 0x00007fff51f70000 	C:\WINDOWS\System32\ADVAPI32.dll
0x00007fff51710000 - 0x00007fff517b6000 	C:\WINDOWS\System32\sechost.dll
0x00007fff502f0000 - 0x00007fff50407000 	C:\WINDOWS\System32\RPCRT4.dll
0x00007fff517c0000 - 0x00007fff517c8000 	C:\WINDOWS\System32\PSAPI.DLL
0x00007fff2fef0000 - 0x00007fff2fef9000 	C:\WINDOWS\SYSTEM32\WSOCK32.dll
0x00007fff3ba30000 - 0x00007fff3ba3a000 	C:\WINDOWS\SYSTEM32\VERSION.dll
0x00007fff48490000 - 0x00007fff484c4000 	C:\WINDOWS\SYSTEM32\WINMM.dll
0x00007fff517d0000 - 0x00007fff51841000 	C:\WINDOWS\System32\WS2_32.dll
0x00007fff4e930000 - 0x00007fff4e948000 	C:\WINDOWS\SYSTEM32\kernel.appcore.dll
0x00007fff497e0000 - 0x00007fff497f0000 	C:\Program Files\Unity\Hub\Editor\2022.3.5f1\Editor\Data\PlaybackEngines\AndroidPlayer\OpenJDK\bin\verify.dll
0x00007fff3c1d0000 - 0x00007fff3c3fe000 	C:\WINDOWS\SYSTEM32\DBGHELP.DLL
0x00007fff51f70000 - 0x00007fff522fa000 	C:\WINDOWS\System32\combase.dll
0x00007fff50a10000 - 0x00007fff50ae7000 	C:\WINDOWS\System32\OLEAUT32.dll
0x00007fff308c0000 - 0x00007fff308f2000 	C:\WINDOWS\SYSTEM32\dbgcore.DLL
0x00007fff4fce0000 - 0x00007fff4fd5a000 	C:\WINDOWS\System32\bcryptPrimitives.dll
0x00007fff389d0000 - 0x00007fff389f8000 	C:\Program Files\Unity\Hub\Editor\2022.3.5f1\Editor\Data\PlaybackEngines\AndroidPlayer\OpenJDK\bin\java.dll
0x00007fff487b0000 - 0x00007fff487ba000 	C:\Program Files\Unity\Hub\Editor\2022.3.5f1\Editor\Data\PlaybackEngines\AndroidPlayer\OpenJDK\bin\jimage.dll
0x00007fff38b70000 - 0x00007fff38b88000 	C:\Program Files\Unity\Hub\Editor\2022.3.5f1\Editor\Data\PlaybackEngines\AndroidPlayer\OpenJDK\bin\zip.dll

dbghelp: loaded successfully - version: 4.0.5 - missing functions: none
symbol engine: initialized successfully - sym options: 0x614 - pdb path: .;C:\Program Files\Unity\Hub\Editor\2022.3.5f1\Editor\Data\PlaybackEngines\AndroidPlayer\OpenJDK\bin;C:\WINDOWS\SYSTEM32;C:\WINDOWS\WinSxS\amd64_microsoft.windows.common-controls_6595b64144ccf1df_6.0.22621.2361_none_2712ced57382f843;C:\Program Files\Unity\Hub\Editor\2022.3.5f1\Editor\Data\PlaybackEngines\AndroidPlayer\OpenJDK\bin\server

VM Arguments:
jvm_args: -Dfile.encoding=UTF-8 
java_command: org.gradle.launcher.GradleMain -Dorg.gradle.jvmargs=-Xmx4096m --stop
java_class_path (initial): C:\Program Files\Unity\Hub\Editor\2022.3.5f1\Editor\Data\PlaybackEngines\AndroidPlayer\Tools\gradle\lib\gradle-launcher-7.2.jar
Launcher Type: SUN_STANDARD

[Global flags]
     intx CICompilerCount                          = 4                                         {product} {ergonomic}
     uint ConcGCThreads                            = 2                                         {product} {ergonomic}
     uint G1ConcRefinementThreads                  = 8                                         {product} {ergonomic}
   size_t G1HeapRegionSize                         = 1048576                                   {product} {ergonomic}
    uintx GCDrainStackTargetSize                   = 64                                        {product} {ergonomic}
   size_t InitialHeapSize                          = 266338304                                 {product} {ergonomic}
   size_t MarkStackSize                            = 4194304                                   {product} {ergonomic}
   size_t MaxHeapSize                              = 4229955584                                {product} {ergonomic}
   size_t MinHeapDeltaBytes                        = 1048576                                   {product} {ergonomic}
    uintx NonNMethodCodeHeapSize                   = 5836300                                {pd product} {ergonomic}
    uintx NonProfiledCodeHeapSize                  = 122910970                              {pd product} {ergonomic}
    uintx ProfiledCodeHeapSize                     = 122910970                              {pd product} {ergonomic}
    uintx ReservedCodeCacheSize                    = 251658240                              {pd product} {ergonomic}
     bool SegmentedCodeCache                       = true                                      {product} {ergonomic}
     bool UseCompressedClassPointers               = true                                 {lp64_product} {ergonomic}
     bool UseCompressedOops                        = true                                 {lp64_product} {ergonomic}
     bool UseG1GC                                  = true                                      {product} {ergonomic}
     bool UseLargePagesIndividualAllocation        = false                                  {pd product} {ergonomic}

Logging:
Log output configuration:
 #0: stdout all=warning uptime,level,tags
 #1: stderr all=off uptime,level,tags

Environment Variables:
JAVA_HOME=C:\Program Files\Unity\Hub\Editor\2022.3.5f1\Editor\Data\PlaybackEngines\AndroidPlayer\OpenJDK
JAVA_TOOL_OPTIONS=-Dfile.encoding=UTF-8
PATH=C:\WINDOWS\system32;C:\WINDOWS;C:\WINDOWS\System32\Wbem;C:\WINDOWS\System32\WindowsPowerShell\v1.0\;C:\WINDOWS\System32\OpenSSH\;C:\Program Files\Intel\WiFi\bin\;C:\Program Files\Common Files\Intel\WirelessCommon\;C:\Program Files\Microsoft VS Code\bin;C:\Program Files\Git\cmd;C:\xampp\php;C:\Program Files\Microsoft SQL Server\150\Tools\Binn\;C:\Program Files\Microsoft SQL Server\Client SDK\ODBC\170\Tools\Binn\;C:\Program Files\dotnet\;C:\Program Files (x86)\Microsoft SQL Server\160\Tools\Binn\;C:\Program Files\Microsoft SQL Server\160\Tools\Binn\;C:\Program Files\Microsoft SQL Server\160\DTS\Binn\;C:\Program Files\Azure Data Studio\bin;C:\Program Files (x86)\Microsoft SQL Server\160\DTS\Binn\;C:\Program Files\nodejs\;C:\Program Files\Docker\Docker\resources\bin;C:\Users\botho\AppData\Local\Microsoft\WindowsApps;C:\Users\botho\.dotnet\tools;C:\Program Files\Azure Data Studio\bin;C:\Users\botho\AppData\Local\GitHubDesktop\bin;C:\Users\botho\AppData\Roaming\npm
USERNAME=botho
OS=Windows_NT
PROCESSOR_IDENTIFIER=Intel64 Family 6 Model 142 Stepping 12, GenuineIntel



---------------  S Y S T E M  ---------------

OS: Windows 11 , 64 bit Build 22621 (10.0.22621.2428)
OS uptime: 0 days 5:49 hours
Hyper-V role detected

CPU:total 8 (initial active 8) (4 cores per cpu, 2 threads per core) family 6 model 142 stepping 12 microcode 0xf0, cmov, cx8, fxsr, mmx, sse, sse2, sse3, ssse3, sse4.1, sse4.2, popcnt, avx, avx2, aes, clmul, erms, 3dnowpref, lzcnt, ht, tsc, tscinvbit, bmi1, bmi2, adx, fma

Memory: 4k page, system-wide physical 16131M (3669M free)
TotalPageFile size 18179M (AvailPageFile size 243M)
current process WorkingSet (physical memory assigned to process): 10M, peak: 10M
current process commit charge ("private bytes"): 60M, peak: 314M

vm_info: OpenJDK 64-Bit Server VM (11.0.14.1+1) for windows-amd64 JRE (11.0.14.1+1), built on Feb  9 2022 01:48:27 by "" with unknown MS VC++:1916

END.
